  client.c
E:\Uni-Zeug\Rnks\client\client.c(54,11): warning C4098: "socket_setup": "void"-Funktion gibt einen Wert zurück
E:\Uni-Zeug\Rnks\client\client.c(62,11): warning C4098: "socket_setup": "void"-Funktion gibt einen Wert zurück
E:\Uni-Zeug\Rnks\client\client.c(83,11): warning C4098: "socket_setup": "void"-Funktion gibt einen Wert zurück
E:\Uni-Zeug\Rnks\client\client.c(96,11): warning C4098: "socket_setup": "void"-Funktion gibt einen Wert zurück
E:\Uni-Zeug\Rnks\client\client.c(107,11): warning C4098: "file_setup": "void"-Funktion gibt einen Wert zurück
E:\Uni-Zeug\Rnks\client\client.c(103,9): warning C4996: 'fopen': This function or variable may be unsafe. Consider using fopen_s instead. To disable deprecation, use _CRT_SECURE_NO_WARNINGS. See online help for details.
E:\Uni-Zeug\Rnks\client\client.c(121,11): warning C4098: "print_myAddress": "void"-Funktion gibt einen Wert zurück
E:\Uni-Zeug\Rnks\client\client.c(150,37): warning C4133: "Funktion": Inkompatible Typen - von "package *" zu "char *"
E:\Uni-Zeug\Rnks\client\client.c(151,6): warning C4013: "buffer_findSN" undefiniert; Annahme: extern mit Rückgabetyp int
E:\Uni-Zeug\Rnks\client\client.c(174,2): warning C4996: 'strcpy': This function or variable may be unsafe. Consider using strcpy_s instead. To disable deprecation, use _CRT_SECURE_NO_WARNINGS. See online help for details.
E:\Uni-Zeug\Rnks\client\client.c(194,37): warning C4133: "Funktion": Inkompatible Typen - von "package *" zu "char *"
E:\Uni-Zeug\Rnks\client\client.c(203,32): warning C4133: "Funktion": Inkompatible Typen - von "package *" zu "const char *"
E:\Uni-Zeug\Rnks\client\client.c(216,11): warning C4098: "ConnectionPrepare": "void"-Funktion gibt einen Wert zurück
E:\Uni-Zeug\Rnks\client\client.c(201,4): warning C4996: 'strcpy': This function or variable may be unsafe. Consider using strcpy_s instead. To disable deprecation, use _CRT_SECURE_NO_WARNINGS. See online help for details.
E:\Uni-Zeug\Rnks\client\client.c(292,25): warning C4244: "Funktion": Konvertierung von "SOCKET" in "int", möglicher Datenverlust
E:\Uni-Zeug\Rnks\client\client.c(313,35): warning C4133: "Funktion": Inkompatible Typen - von "package *" zu "const char *"
E:\Uni-Zeug\Rnks\client\client.c(353,30): warning C4047: "Funktion": Anzahl der Dereferenzierungen bei "char **" und "char *" unterschiedlich
E:\Uni-Zeug\Rnks\client\client.c(353,30): warning C4024: "parameterÃœbernahme": unterschiedliche Typen für formalen und übergebenen Parameter 2
E:\Uni-Zeug\Rnks\client\client.c(146): warning C4715: "parameterÃœbernahme": Nicht alle Codepfade geben einen Wert zurück.
E:\Uni-Zeug\Rnks\client\client.c(276): warning C4715: "lowest_unreceived_sn": Nicht alle Codepfade geben einen Wert zurück.
  client.vcxproj -> E:\Uni-Zeug\Rnks\client\x64\Debug\client.exe
