  server.c
E:\Uni-Zeug\Rnks\server\server.c(63,11): warning C4098: "socket_setup": "void"-Funktion gibt einen Wert zurück
E:\Uni-Zeug\Rnks\server\server.c(71,11): warning C4098: "socket_setup": "void"-Funktion gibt einen Wert zurück
E:\Uni-Zeug\Rnks\server\server.c(100,11): warning C4098: "file_setup": "void"-Funktion gibt einen Wert zurück
E:\Uni-Zeug\Rnks\server\server.c(96,9): warning C4996: 'fopen': This function or variable may be unsafe. Consider using fopen_s instead. To disable deprecation, use _CRT_SECURE_NO_WARNINGS. See online help for details.
E:\Uni-Zeug\Rnks\server\server.c(118,3): warning C4033: "parameterÃœbernahme" muss einen Wert zurückgeben
E:\Uni-Zeug\Rnks\server\server.c(135,11): warning C4098: "print_myAddress": "void"-Funktion gibt einen Wert zurück
E:\Uni-Zeug\Rnks\server\server.c(145,2): warning C4996: 'strcpy': This function or variable may be unsafe. Consider using strcpy_s instead. To disable deprecation, use _CRT_SECURE_NO_WARNINGS. See online help for details.
E:\Uni-Zeug\Rnks\server\server.c(197,26): warning C4244: "Funktion": Konvertierung von "SOCKET" in "int", möglicher Datenverlust
E:\Uni-Zeug\Rnks\server\server.c(202,40): warning C4133: "Funktion": Inkompatible Typen - von "package *" zu "char *"
E:\Uni-Zeug\Rnks\server\server.c(233,8): warning C4013: "timer_check" undefiniert; Annahme: extern mit Rückgabetyp int
E:\Uni-Zeug\Rnks\server\server.c(311,26): warning C4244: "Funktion": Konvertierung von "SOCKET" in "int", möglicher Datenverlust
E:\Uni-Zeug\Rnks\server\server.c(314,40): warning C4133: "Funktion": Inkompatible Typen - von "package *" zu "char *"
E:\Uni-Zeug\Rnks\server\server.c(354,14): warning C4098: "Connection_Established": "void"-Funktion gibt einen Wert zurück
E:\Uni-Zeug\Rnks\server\server.c(260,2): warning C4996: 'strcpy': This function or variable may be unsafe. Consider using strcpy_s instead. To disable deprecation, use _CRT_SECURE_NO_WARNINGS. See online help for details.
E:\Uni-Zeug\Rnks\server\server.c(409,30): warning C4047: "Funktion": Anzahl der Dereferenzierungen bei "char **" und "char *" unterschiedlich
E:\Uni-Zeug\Rnks\server\server.c(409,30): warning C4024: "parameterÃœbernahme": unterschiedliche Typen für formalen und übergebenen Parameter 2
E:\Uni-Zeug\Rnks\server\server.c(121): warning C4715: "parameterÃœbernahme": Nicht alle Codepfade geben einen Wert zurück.
E:\Uni-Zeug\Rnks\server\server.c(156): warning C4715: "send_Packet": Nicht alle Codepfade geben einen Wert zurück.
  server.vcxproj -> E:\Uni-Zeug\Rnks\server\x64\Debug\server.exe
